<?xml version="1.0" encoding="UTF-8"?>
<testsuite xmlns:xsi="http://www.w3.org/2001/XMLSchema-instance" xsi:noNamespaceSchemaLocation="https://maven.apache.org/surefire/maven-surefire-plugin/xsd/surefire-test-report.xsd" name="com.example.HandlerTest" time="4.271" tests="2" errors="0" skipped="0" failures="0">
  <properties>
    <property name="gopherProxySet" value="false"/>
    <property name="awt.toolkit" value="sun.lwawt.macosx.LWCToolkit"/>
    <property name="java.specification.version" value="11"/>
    <property name="sun.cpu.isalist" value=""/>
    <property name="sun.jnu.encoding" value="UTF-8"/>
    <property name="java.class.path" value="/Users/mkhabib/code/aws-samples/appsync-java-test/serverless-samples/serverless-graphql-api/java-appsync-sam/target/test-classes:/Users/mkhabib/code/aws-samples/appsync-java-test/serverless-samples/serverless-graphql-api/java-appsync-sam/target/classes:/Users/mkhabib/.m2/repository/software/amazon/awssdk/appsync/2.18.16/appsync-2.18.16.jar:/Users/mkhabib/.m2/repository/software/amazon/awssdk/aws-json-protocol/2.18.16/aws-json-protocol-2.18.16.jar:/Users/mkhabib/.m2/repository/software/amazon/awssdk/third-party-jackson-core/2.18.16/third-party-jackson-core-2.18.16.jar:/Users/mkhabib/.m2/repository/software/amazon/awssdk/json-utils/2.18.16/json-utils-2.18.16.jar:/Users/mkhabib/.m2/repository/software/amazon/awssdk/protocol-core/2.18.16/protocol-core-2.18.16.jar:/Users/mkhabib/.m2/repository/software/amazon/awssdk/sdk-core/2.18.16/sdk-core-2.18.16.jar:/Users/mkhabib/.m2/repository/software/amazon/awssdk/endpoints-spi/2.18.16/endpoints-spi-2.18.16.jar:/Users/mkhabib/.m2/repository/software/amazon/awssdk/profiles/2.18.16/profiles-2.18.16.jar:/Users/mkhabib/.m2/repository/org/reactivestreams/reactive-streams/1.0.3/reactive-streams-1.0.3.jar:/Users/mkhabib/.m2/repository/software/amazon/awssdk/auth/2.18.16/auth-2.18.16.jar:/Users/mkhabib/.m2/repository/software/amazon/eventstream/eventstream/1.0.1/eventstream-1.0.1.jar:/Users/mkhabib/.m2/repository/software/amazon/awssdk/http-client-spi/2.18.16/http-client-spi-2.18.16.jar:/Users/mkhabib/.m2/repository/software/amazon/awssdk/regions/2.18.16/regions-2.18.16.jar:/Users/mkhabib/.m2/repository/software/amazon/awssdk/annotations/2.18.16/annotations-2.18.16.jar:/Users/mkhabib/.m2/repository/software/amazon/awssdk/utils/2.18.16/utils-2.18.16.jar:/Users/mkhabib/.m2/repository/software/amazon/awssdk/aws-core/2.18.16/aws-core-2.18.16.jar:/Users/mkhabib/.m2/repository/software/amazon/awssdk/metrics-spi/2.18.16/metrics-spi-2.18.16.jar:/Users/mkhabib/.m2/repository/software/amazon/awssdk/cloudformation/2.18.16/cloudformation-2.18.16.jar:/Users/mkhabib/.m2/repository/software/amazon/awssdk/aws-query-protocol/2.18.16/aws-query-protocol-2.18.16.jar:/Users/mkhabib/.m2/repository/software/amazon/awssdk/netty-nio-client/2.18.16/netty-nio-client-2.18.16.jar:/Users/mkhabib/.m2/repository/io/netty/netty-codec-http/4.1.77.Final/netty-codec-http-4.1.77.Final.jar:/Users/mkhabib/.m2/repository/io/netty/netty-codec-http2/4.1.77.Final/netty-codec-http2-4.1.77.Final.jar:/Users/mkhabib/.m2/repository/io/netty/netty-codec/4.1.77.Final/netty-codec-4.1.77.Final.jar:/Users/mkhabib/.m2/repository/io/netty/netty-transport/4.1.77.Final/netty-transport-4.1.77.Final.jar:/Users/mkhabib/.m2/repository/io/netty/netty-resolver/4.1.77.Final/netty-resolver-4.1.77.Final.jar:/Users/mkhabib/.m2/repository/io/netty/netty-common/4.1.77.Final/netty-common-4.1.77.Final.jar:/Users/mkhabib/.m2/repository/io/netty/netty-buffer/4.1.77.Final/netty-buffer-4.1.77.Final.jar:/Users/mkhabib/.m2/repository/io/netty/netty-handler/4.1.77.Final/netty-handler-4.1.77.Final.jar:/Users/mkhabib/.m2/repository/io/netty/netty-transport-classes-epoll/4.1.77.Final/netty-transport-classes-epoll-4.1.77.Final.jar:/Users/mkhabib/.m2/repository/io/netty/netty-transport-native-unix-common/4.1.77.Final/netty-transport-native-unix-common-4.1.77.Final.jar:/Users/mkhabib/.m2/repository/software/amazon/awssdk/apache-client/2.18.16/apache-client-2.18.16.jar:/Users/mkhabib/.m2/repository/org/apache/httpcomponents/httpclient/4.5.13/httpclient-4.5.13.jar:/Users/mkhabib/.m2/repository/commons-codec/commons-codec/1.11/commons-codec-1.11.jar:/Users/mkhabib/.m2/repository/org/apache/httpcomponents/httpcore/4.4.13/httpcore-4.4.13.jar:/Users/mkhabib/.m2/repository/org/slf4j/slf4j-api/1.7.28/slf4j-api-1.7.28.jar:/Users/mkhabib/.m2/repository/org/slf4j/slf4j-simple/1.7.28/slf4j-simple-1.7.28.jar:/Users/mkhabib/.m2/repository/org/mockito/mockito-inline/4.8.0/mockito-inline-4.8.0.jar:/Users/mkhabib/.m2/repository/org/mockito/mockito-core/4.8.0/mockito-core-4.8.0.jar:/Users/mkhabib/.m2/repository/net/bytebuddy/byte-buddy/1.12.14/byte-buddy-1.12.14.jar:/Users/mkhabib/.m2/repository/net/bytebuddy/byte-buddy-agent/1.12.14/byte-buddy-agent-1.12.14.jar:/Users/mkhabib/.m2/repository/org/objenesis/objenesis/3.2/objenesis-3.2.jar:/Users/mkhabib/.m2/repository/org/mockito/mockito-junit-jupiter/4.8.0/mockito-junit-jupiter-4.8.0.jar:/Users/mkhabib/.m2/repository/org/junit/jupiter/junit-jupiter-api/5.9.0/junit-jupiter-api-5.9.0.jar:/Users/mkhabib/.m2/repository/org/opentest4j/opentest4j/1.2.0/opentest4j-1.2.0.jar:/Users/mkhabib/.m2/repository/org/junit/platform/junit-platform-commons/1.9.0/junit-platform-commons-1.9.0.jar:/Users/mkhabib/.m2/repository/org/apiguardian/apiguardian-api/1.1.2/apiguardian-api-1.1.2.jar:/Users/mkhabib/.m2/repository/uk/org/webcompere/system-stubs-core/2.0.1/system-stubs-core-2.0.1.jar:/Users/mkhabib/.m2/repository/uk/org/webcompere/system-stubs-jupiter/2.0.1/system-stubs-jupiter-2.0.1.jar:/Users/mkhabib/.m2/repository/org/slf4j/jcl-over-slf4j/1.7.28/jcl-over-slf4j-1.7.28.jar:/Users/mkhabib/.m2/repository/com/fasterxml/jackson/core/jackson-databind/2.14.1/jackson-databind-2.14.1.jar:/Users/mkhabib/.m2/repository/com/fasterxml/jackson/core/jackson-annotations/2.14.1/jackson-annotations-2.14.1.jar:/Users/mkhabib/.m2/repository/com/fasterxml/jackson/core/jackson-core/2.14.1/jackson-core-2.14.1.jar:/Users/mkhabib/.m2/repository/org/junit/jupiter/junit-jupiter/5.8.1/junit-jupiter-5.8.1.jar:/Users/mkhabib/.m2/repository/org/junit/jupiter/junit-jupiter-params/5.8.1/junit-jupiter-params-5.8.1.jar:/Users/mkhabib/.m2/repository/org/junit/jupiter/junit-jupiter-engine/5.8.1/junit-jupiter-engine-5.8.1.jar:/Users/mkhabib/.m2/repository/org/junit/platform/junit-platform-engine/1.8.1/junit-platform-engine-1.8.1.jar:"/>
    <property name="java.vm.vendor" value="Amazon.com Inc."/>
    <property name="sun.arch.data.model" value="64"/>
    <property name="java.vendor.url" value="https://aws.amazon.com/corretto/"/>
    <property name="user.timezone" value=""/>
    <property name="java.vm.specification.version" value="11"/>
    <property name="os.name" value="Mac OS X"/>
    <property name="sun.java.launcher" value="SUN_STANDARD"/>
    <property name="user.country" value="ID"/>
    <property name="sun.boot.library.path" value="/Library/Java/JavaVirtualMachines/amazon-corretto-11.jdk/Contents/Home/lib"/>
    <property name="sun.java.command" value="/Users/mkhabib/code/aws-samples/appsync-java-test/serverless-samples/serverless-graphql-api/java-appsync-sam/target/surefire/surefirebooter16127974317449846711.jar /Users/mkhabib/code/aws-samples/appsync-java-test/serverless-samples/serverless-graphql-api/java-appsync-sam/target/surefire 2023-04-02T14-34-11_076-jvmRun1 surefire15047002721912358282tmp surefire_04609451401224792789tmp"/>
    <property name="jdk.debug" value="release"/>
    <property name="surefire.test.class.path" value="/Users/mkhabib/code/aws-samples/appsync-java-test/serverless-samples/serverless-graphql-api/java-appsync-sam/target/test-classes:/Users/mkhabib/code/aws-samples/appsync-java-test/serverless-samples/serverless-graphql-api/java-appsync-sam/target/classes:/Users/mkhabib/.m2/repository/software/amazon/awssdk/appsync/2.18.16/appsync-2.18.16.jar:/Users/mkhabib/.m2/repository/software/amazon/awssdk/aws-json-protocol/2.18.16/aws-json-protocol-2.18.16.jar:/Users/mkhabib/.m2/repository/software/amazon/awssdk/third-party-jackson-core/2.18.16/third-party-jackson-core-2.18.16.jar:/Users/mkhabib/.m2/repository/software/amazon/awssdk/json-utils/2.18.16/json-utils-2.18.16.jar:/Users/mkhabib/.m2/repository/software/amazon/awssdk/protocol-core/2.18.16/protocol-core-2.18.16.jar:/Users/mkhabib/.m2/repository/software/amazon/awssdk/sdk-core/2.18.16/sdk-core-2.18.16.jar:/Users/mkhabib/.m2/repository/software/amazon/awssdk/endpoints-spi/2.18.16/endpoints-spi-2.18.16.jar:/Users/mkhabib/.m2/repository/software/amazon/awssdk/profiles/2.18.16/profiles-2.18.16.jar:/Users/mkhabib/.m2/repository/org/reactivestreams/reactive-streams/1.0.3/reactive-streams-1.0.3.jar:/Users/mkhabib/.m2/repository/software/amazon/awssdk/auth/2.18.16/auth-2.18.16.jar:/Users/mkhabib/.m2/repository/software/amazon/eventstream/eventstream/1.0.1/eventstream-1.0.1.jar:/Users/mkhabib/.m2/repository/software/amazon/awssdk/http-client-spi/2.18.16/http-client-spi-2.18.16.jar:/Users/mkhabib/.m2/repository/software/amazon/awssdk/regions/2.18.16/regions-2.18.16.jar:/Users/mkhabib/.m2/repository/software/amazon/awssdk/annotations/2.18.16/annotations-2.18.16.jar:/Users/mkhabib/.m2/repository/software/amazon/awssdk/utils/2.18.16/utils-2.18.16.jar:/Users/mkhabib/.m2/repository/software/amazon/awssdk/aws-core/2.18.16/aws-core-2.18.16.jar:/Users/mkhabib/.m2/repository/software/amazon/awssdk/metrics-spi/2.18.16/metrics-spi-2.18.16.jar:/Users/mkhabib/.m2/repository/software/amazon/awssdk/cloudformation/2.18.16/cloudformation-2.18.16.jar:/Users/mkhabib/.m2/repository/software/amazon/awssdk/aws-query-protocol/2.18.16/aws-query-protocol-2.18.16.jar:/Users/mkhabib/.m2/repository/software/amazon/awssdk/netty-nio-client/2.18.16/netty-nio-client-2.18.16.jar:/Users/mkhabib/.m2/repository/io/netty/netty-codec-http/4.1.77.Final/netty-codec-http-4.1.77.Final.jar:/Users/mkhabib/.m2/repository/io/netty/netty-codec-http2/4.1.77.Final/netty-codec-http2-4.1.77.Final.jar:/Users/mkhabib/.m2/repository/io/netty/netty-codec/4.1.77.Final/netty-codec-4.1.77.Final.jar:/Users/mkhabib/.m2/repository/io/netty/netty-transport/4.1.77.Final/netty-transport-4.1.77.Final.jar:/Users/mkhabib/.m2/repository/io/netty/netty-resolver/4.1.77.Final/netty-resolver-4.1.77.Final.jar:/Users/mkhabib/.m2/repository/io/netty/netty-common/4.1.77.Final/netty-common-4.1.77.Final.jar:/Users/mkhabib/.m2/repository/io/netty/netty-buffer/4.1.77.Final/netty-buffer-4.1.77.Final.jar:/Users/mkhabib/.m2/repository/io/netty/netty-handler/4.1.77.Final/netty-handler-4.1.77.Final.jar:/Users/mkhabib/.m2/repository/io/netty/netty-transport-classes-epoll/4.1.77.Final/netty-transport-classes-epoll-4.1.77.Final.jar:/Users/mkhabib/.m2/repository/io/netty/netty-transport-native-unix-common/4.1.77.Final/netty-transport-native-unix-common-4.1.77.Final.jar:/Users/mkhabib/.m2/repository/software/amazon/awssdk/apache-client/2.18.16/apache-client-2.18.16.jar:/Users/mkhabib/.m2/repository/org/apache/httpcomponents/httpclient/4.5.13/httpclient-4.5.13.jar:/Users/mkhabib/.m2/repository/commons-codec/commons-codec/1.11/commons-codec-1.11.jar:/Users/mkhabib/.m2/repository/org/apache/httpcomponents/httpcore/4.4.13/httpcore-4.4.13.jar:/Users/mkhabib/.m2/repository/org/slf4j/slf4j-api/1.7.28/slf4j-api-1.7.28.jar:/Users/mkhabib/.m2/repository/org/slf4j/slf4j-simple/1.7.28/slf4j-simple-1.7.28.jar:/Users/mkhabib/.m2/repository/org/mockito/mockito-inline/4.8.0/mockito-inline-4.8.0.jar:/Users/mkhabib/.m2/repository/org/mockito/mockito-core/4.8.0/mockito-core-4.8.0.jar:/Users/mkhabib/.m2/repository/net/bytebuddy/byte-buddy/1.12.14/byte-buddy-1.12.14.jar:/Users/mkhabib/.m2/repository/net/bytebuddy/byte-buddy-agent/1.12.14/byte-buddy-agent-1.12.14.jar:/Users/mkhabib/.m2/repository/org/objenesis/objenesis/3.2/objenesis-3.2.jar:/Users/mkhabib/.m2/repository/org/mockito/mockito-junit-jupiter/4.8.0/mockito-junit-jupiter-4.8.0.jar:/Users/mkhabib/.m2/repository/org/junit/jupiter/junit-jupiter-api/5.9.0/junit-jupiter-api-5.9.0.jar:/Users/mkhabib/.m2/repository/org/opentest4j/opentest4j/1.2.0/opentest4j-1.2.0.jar:/Users/mkhabib/.m2/repository/org/junit/platform/junit-platform-commons/1.9.0/junit-platform-commons-1.9.0.jar:/Users/mkhabib/.m2/repository/org/apiguardian/apiguardian-api/1.1.2/apiguardian-api-1.1.2.jar:/Users/mkhabib/.m2/repository/uk/org/webcompere/system-stubs-core/2.0.1/system-stubs-core-2.0.1.jar:/Users/mkhabib/.m2/repository/uk/org/webcompere/system-stubs-jupiter/2.0.1/system-stubs-jupiter-2.0.1.jar:/Users/mkhabib/.m2/repository/org/slf4j/jcl-over-slf4j/1.7.28/jcl-over-slf4j-1.7.28.jar:/Users/mkhabib/.m2/repository/com/fasterxml/jackson/core/jackson-databind/2.14.1/jackson-databind-2.14.1.jar:/Users/mkhabib/.m2/repository/com/fasterxml/jackson/core/jackson-annotations/2.14.1/jackson-annotations-2.14.1.jar:/Users/mkhabib/.m2/repository/com/fasterxml/jackson/core/jackson-core/2.14.1/jackson-core-2.14.1.jar:/Users/mkhabib/.m2/repository/org/junit/jupiter/junit-jupiter/5.8.1/junit-jupiter-5.8.1.jar:/Users/mkhabib/.m2/repository/org/junit/jupiter/junit-jupiter-params/5.8.1/junit-jupiter-params-5.8.1.jar:/Users/mkhabib/.m2/repository/org/junit/jupiter/junit-jupiter-engine/5.8.1/junit-jupiter-engine-5.8.1.jar:/Users/mkhabib/.m2/repository/org/junit/platform/junit-platform-engine/1.8.1/junit-platform-engine-1.8.1.jar:"/>
    <property name="sun.cpu.endian" value="little"/>
    <property name="user.home" value="/Users/mkhabib"/>
    <property name="user.language" value="en"/>
    <property name="java.specification.vendor" value="Oracle Corporation"/>
    <property name="java.version.date" value="2023-01-17"/>
    <property name="java.home" value="/Library/Java/JavaVirtualMachines/amazon-corretto-11.jdk/Contents/Home"/>
    <property name="file.separator" value="/"/>
    <property name="basedir" value="/Users/mkhabib/code/aws-samples/appsync-java-test/serverless-samples/serverless-graphql-api/java-appsync-sam"/>
    <property name="java.vm.compressedOopsMode" value="Zero based"/>
    <property name="line.separator" value="&#10;"/>
    <property name="java.specification.name" value="Java Platform API Specification"/>
    <property name="java.vm.specification.vendor" value="Oracle Corporation"/>
    <property name="java.awt.graphicsenv" value="sun.awt.CGraphicsEnvironment"/>
    <property name="surefire.real.class.path" value="/Users/mkhabib/code/aws-samples/appsync-java-test/serverless-samples/serverless-graphql-api/java-appsync-sam/target/surefire/surefirebooter16127974317449846711.jar"/>
    <property name="sun.management.compiler" value="HotSpot 64-Bit Tiered Compilers"/>
    <property name="java.runtime.version" value="11.0.18+10-LTS"/>
    <property name="user.name" value="mkhabib"/>
    <property name="path.separator" value=":"/>
    <property name="os.version" value="12.6.3"/>
    <property name="java.runtime.name" value="OpenJDK Runtime Environment"/>
    <property name="file.encoding" value="UTF-8"/>
    <property name="java.vm.name" value="OpenJDK 64-Bit Server VM"/>
    <property name="java.vendor.version" value="Corretto-11.0.18.10.1"/>
    <property name="localRepository" value="/Users/mkhabib/.m2/repository"/>
    <property name="java.vendor.url.bug" value="https://github.com/corretto/corretto-11/issues/"/>
    <property name="java.io.tmpdir" value="/var/folders/60/fsqpkfhs3xvf12trznywkx0w0000gr/T/"/>
    <property name="java.version" value="11.0.18"/>
    <property name="user.dir" value="/Users/mkhabib/code/aws-samples/appsync-java-test/serverless-samples/serverless-graphql-api/java-appsync-sam"/>
    <property name="os.arch" value="x86_64"/>
    <property name="java.vm.specification.name" value="Java Virtual Machine Specification"/>
    <property name="java.awt.printerjob" value="sun.lwawt.macosx.CPrinterJob"/>
    <property name="sun.os.patch.level" value="unknown"/>
    <property name="java.library.path" value="/Users/mkhabib/Library/Java/Extensions:/Library/Java/Extensions:/Network/Library/Java/Extensions:/System/Library/Java/Extensions:/usr/lib/java:."/>
    <property name="java.vm.info" value="mixed mode"/>
    <property name="java.vendor" value="Amazon.com Inc."/>
    <property name="java.vm.version" value="11.0.18+10-LTS"/>
    <property name="sun.io.unicode.encoding" value="UnicodeBig"/>
    <property name="java.class.version" value="55.0"/>
  </properties>
  <testcase name="testFirst" classname="com.example.HandlerTest" time="0.586"/>
  <testcase name="testCreateLocationResolverWithLocationId" classname="com.example.HandlerTest" time="3.678"/>
</testsuite>